<?xml version="1.0" encoding="UTF-8" ?>
<testsuite errors="0" failures="0" hostname="WCCZC7292TVC" name="packdemo.Test01" skipped="0" tests="2" time="0.149" timestamp="2014-09-14T16:50:41">
  <properties>
[...]
</properties>
  <testcase classname="packdemo.Test01" name="testStringConcatenate" time="0.003" />
  <testcase classname="packdemo.Test01" name="testCalcSum" time="0.0" />
  <system-out><![CDATA[--running Test01--
no. of test cases in this suite: 2
]]></system-out>
  <system-err><![CDATA[]]></system-err>
</testsuite>
